build/app/intermediates/manifest_merge_blame_file/debug/manifest-merger-blame-debug-report.txt
1<?xml version="1.0" encoding="utf-8"?>
2<manifest xmlns:android="http://schemas.android.com/apk/res/android"
3    package="com.example.knocadoor"
4    android:versionCode="1"
5    android:versionName="1.0.0" >
6
7    <uses-sdk
8        android:minSdkVersion="23"
9        android:targetSdkVersion="30" />
10    <!--
11         Flutter needs it to communicate with the running application
12         to allow setting breakpoints, to provide hot reload, etc.
13    -->
14    <uses-permission android:name="android.permission.INTERNET" />
14-->src/main/AndroidManifest.xml:5:2-63
14-->src/main/AndroidManifest.xml:5:19-61
15    <uses-permission android:name="android.permission.ACCESS_COARSE_LOCATION" />
15-->[:location] AndroidManifest.xml:7:5-81
15-->[:location] AndroidManifest.xml:7:22-78
16    <uses-permission android:name="android.permission.ACCESS_FINE_LOCATION" />
16-->[:location] AndroidManifest.xml:8:5-79
16-->[:location] AndroidManifest.xml:8:22-76
17    <uses-permission android:name="android.permission.READ_EXTERNAL_STORAGE" />
17-->[:image_picker] AndroidManifest.xml:7:5-80
17-->[:image_picker] AndroidManifest.xml:7:22-77
18    <uses-permission android:name="android.permission.WRITE_EXTERNAL_STORAGE" />
18-->[:image_picker] AndroidManifest.xml:8:5-81
18-->[:image_picker] AndroidManifest.xml:8:22-78
19    <uses-permission android:name="android.permission.ACCESS_NETWORK_STATE" />
19-->[com.khalti:khalti-android:2.00.01] AndroidManifest.xml:13:5-79
19-->[com.khalti:khalti-android:2.00.01] AndroidManifest.xml:13:22-76
20    <uses-permission android:name="android.permission.WAKE_LOCK" />
20-->[com.google.android.gms:play-services-measurement-api:18.0.2] AndroidManifest.xml:24:5-68
20-->[com.google.android.gms:play-services-measurement-api:18.0.2] AndroidManifest.xml:24:22-65
21
22    <uses-feature
22-->[com.google.android.gms:play-services-maps:17.0.0] AndroidManifest.xml:26:5-28:35
23        android:glEsVersion="0x00020000"
23-->[com.google.android.gms:play-services-maps:17.0.0] AndroidManifest.xml:27:9-41
24        android:required="true" />
24-->[com.google.android.gms:play-services-maps:17.0.0] AndroidManifest.xml:28:9-32
25
26    <uses-permission android:name="com.google.android.finsky.permission.BIND_GET_INSTALL_REFERRER_SERVICE" />
26-->[com.google.android.gms:play-services-measurement:18.0.2] AndroidManifest.xml:26:5-110
26-->[com.google.android.gms:play-services-measurement:18.0.2] AndroidManifest.xml:26:22-107
27
28    <application
28-->src/main/AndroidManifest.xml:6:4-68:19
29        android:allowBackup="true"
29-->[com.khalti:khalti-android:2.00.01] AndroidManifest.xml:16:9-35
30        android:appComponentFactory="androidx.core.app.CoreComponentFactory"
30-->[androidx.core:core:1.5.0-beta01] AndroidManifest.xml:24:18-86
31        android:debuggable="true"
32        android:extractNativeLibs="false"
33        android:icon="@mipmap/ic_launcher"
33-->src/main/AndroidManifest.xml:9:9-43
34        android:label="knocadoor"
34-->src/main/AndroidManifest.xml:7:9-34
35        android:networkSecurityConfig="@xml/network_security_config"
35-->[com.khalti:khalti-android:2.00.01] AndroidManifest.xml:18:9-69
36        android:supportsRtl="true"
36-->[com.khalti:khalti-android:2.00.01] AndroidManifest.xml:19:9-35
37        android:theme="@style/AppTheme" >
37-->[com.khalti:khalti-android:2.00.01] AndroidManifest.xml:20:9-40
38        <meta-data
38-->src/main/AndroidManifest.xml:10:2-11:73
39            android:name="com.google.android.geo.API_KEY"
39-->src/main/AndroidManifest.xml:10:13-58
40            android:value="AIzaSyB6EbWY9KwjKY9ZSaPVYmL_mN918ndOMZ0" />
40-->src/main/AndroidManifest.xml:11:16-71
41
42        <activity
42-->src/main/AndroidManifest.xml:12:9-41:20
43            android:name="com.example.knocadoor.MainActivity"
43-->src/main/AndroidManifest.xml:13:13-41
44            android:configChanges="orientation|keyboardHidden|keyboard|screenSize|smallestScreenSize|locale|layoutDirection|fontScale|screenLayout|density|uiMode"
44-->src/main/AndroidManifest.xml:16:13-163
45            android:hardwareAccelerated="true"
45-->src/main/AndroidManifest.xml:17:13-47
46            android:launchMode="singleTop"
46-->src/main/AndroidManifest.xml:14:13-43
47            android:theme="@style/LaunchTheme"
47-->src/main/AndroidManifest.xml:15:13-47
48            android:windowSoftInputMode="adjustResize" >
48-->src/main/AndroidManifest.xml:18:13-55
49
50            <!--
51                 Specifies an Android theme to apply to this Activity as soon as
52                 the Android process has started. This theme is visible to the user
53                 while the Flutter UI initializes. After that, this theme continues
54                 to determine the Window background behind the Flutter UI.
55            -->
56
57            <meta-data
57-->src/main/AndroidManifest.xml:24:13-27:17
58                android:name="io.flutter.embedding.android.NormalTheme"
58-->src/main/AndroidManifest.xml:25:15-70
59                android:resource="@style/NormalTheme" />
59-->src/main/AndroidManifest.xml:26:15-52
60            <!--
61                 Displays an Android View that continues showing the launch screen
62                 Drawable until Flutter paints its first frame, then this splash
63                 screen fades out. A splash screen is useful to avoid any visual
64                 gap between the end of Android's launch screen and the painting of
65                 Flutter's first frame.
66            -->
67            <meta-data
67-->src/main/AndroidManifest.xml:33:13-36:17
68                android:name="io.flutter.embedding.android.SplashScreenDrawable"
68-->src/main/AndroidManifest.xml:34:15-79
69                android:resource="@drawable/launch_background" />
69-->src/main/AndroidManifest.xml:35:15-61
70
71            <intent-filter>
71-->src/main/AndroidManifest.xml:37:13-40:29
72                <action android:name="android.intent.action.MAIN" />
72-->src/main/AndroidManifest.xml:38:17-68
72-->src/main/AndroidManifest.xml:38:25-66
73
74                <category android:name="android.intent.category.LAUNCHER" />
74-->src/main/AndroidManifest.xml:39:17-76
74-->src/main/AndroidManifest.xml:39:27-74
75            </intent-filter>
76        </activity>
77
78        <meta-data
78-->src/main/AndroidManifest.xml:43:9-44:46
79            android:name="com.facebook.sdk.ApplicationId"
79-->src/main/AndroidManifest.xml:43:20-65
80            android:value="@string/facebook_app_id" />
80-->src/main/AndroidManifest.xml:44:5-44
81
82        <activity
82-->src/main/AndroidManifest.xml:46:1-49:40
83            android:name="com.facebook.FacebookActivity"
83-->src/main/AndroidManifest.xml:46:11-55
84            android:configChanges="keyboard|keyboardHidden|screenLayout|screenSize|orientation"
84-->src/main/AndroidManifest.xml:47:5-102
85            android:label="@string/app_name"
85-->src/main/AndroidManifest.xml:49:5-37
86            android:theme="@style/com_facebook_activity_theme" />
86-->[com.facebook.android:facebook-common:5.5.1] AndroidManifest.xml:32:13-63
87        <activity
87-->src/main/AndroidManifest.xml:51:1-60:12
88            android:name="com.facebook.CustomTabActivity"
88-->src/main/AndroidManifest.xml:52:5-50
89            android:exported="true" >
89-->src/main/AndroidManifest.xml:53:5-28
90            <intent-filter>
90-->src/main/AndroidManifest.xml:54:5-59:21
91                <action android:name="android.intent.action.VIEW" />
91-->src/main/AndroidManifest.xml:55:9-61
91-->src/main/AndroidManifest.xml:55:17-58
92
93                <category android:name="android.intent.category.DEFAULT" />
93-->src/main/AndroidManifest.xml:56:9-68
93-->src/main/AndroidManifest.xml:56:19-65
94                <category android:name="android.intent.category.BROWSABLE" />
94-->src/main/AndroidManifest.xml:57:9-70
94-->src/main/AndroidManifest.xml:57:19-67
95
96                <data android:scheme="@string/fb_login_protocol_scheme" />
96-->src/main/AndroidManifest.xml:58:9-67
96-->src/main/AndroidManifest.xml:58:15-64
97            </intent-filter>
98        </activity>
99
100        <!--
101             Don't delete the meta-data below.
102             This is used by the Flutter tool to generate GeneratedPluginRegistrant.java
103        -->
104        <meta-data
104-->src/main/AndroidManifest.xml:64:9-66:33
105            android:name="flutterEmbedding"
105-->src/main/AndroidManifest.xml:65:13-44
106            android:value="2" />
106-->src/main/AndroidManifest.xml:66:13-30
107
108        <provider
108-->[:image_picker] AndroidManifest.xml:11:9-19:20
109            android:name="io.flutter.plugins.imagepicker.ImagePickerFileProvider"
109-->[:image_picker] AndroidManifest.xml:12:13-82
110            android:authorities="com.example.knocadoor.flutter.image_provider"
110-->[:image_picker] AndroidManifest.xml:13:13-74
111            android:exported="false"
111-->[:image_picker] AndroidManifest.xml:14:13-37
112            android:grantUriPermissions="true" >
112-->[:image_picker] AndroidManifest.xml:15:13-47
113            <meta-data
113-->[:image_picker] AndroidManifest.xml:16:13-18:75
114                android:name="android.support.FILE_PROVIDER_PATHS"
114-->[:image_picker] AndroidManifest.xml:17:17-67
115                android:resource="@xml/flutter_image_picker_file_paths" />
115-->[:image_picker] AndroidManifest.xml:18:17-72
116        </provider>
117
118        <service
118-->[:cloud_firestore] AndroidManifest.xml:8:9-12:19
119            android:name="com.google.firebase.components.ComponentDiscoveryService"
119-->[:cloud_firestore] AndroidManifest.xml:8:18-89
120            android:directBootAware="true"
120-->[com.google.firebase:firebase-common:19.5.0] AndroidManifest.xml:35:13-43
121            android:exported="false" >
121-->[com.google.firebase:firebase-auth:20.0.3] AndroidManifest.xml:76:13-37
122            <meta-data
122-->[:cloud_firestore] AndroidManifest.xml:9:13-11:85
123                android:name="com.google.firebase.components:io.flutter.plugins.firebase.cloudfirestore.FlutterFirebaseAppRegistrar"
123-->[:cloud_firestore] AndroidManifest.xml:10:17-133
124                android:value="com.google.firebase.components.ComponentRegistrar" />
124-->[:cloud_firestore] AndroidManifest.xml:11:17-82
125            <meta-data
125-->[:firebase_auth] AndroidManifest.xml:9:13-11:85
126                android:name="com.google.firebase.components:io.flutter.plugins.firebaseauth.FlutterFirebaseAppRegistrar"
126-->[:firebase_auth] AndroidManifest.xml:10:17-122
127                android:value="com.google.firebase.components.ComponentRegistrar" />
127-->[:firebase_auth] AndroidManifest.xml:11:17-82
128            <meta-data
128-->[:firebase_database] AndroidManifest.xml:9:13-11:85
129                android:name="com.google.firebase.components:io.flutter.plugins.firebase.database.FlutterFirebaseAppRegistrar"
129-->[:firebase_database] AndroidManifest.xml:10:17-127
130                android:value="com.google.firebase.components.ComponentRegistrar" />
130-->[:firebase_database] AndroidManifest.xml:11:17-82
131            <meta-data
131-->[:firebase_storage] AndroidManifest.xml:9:13-11:85
132                android:name="com.google.firebase.components:io.flutter.plugins.firebase.storage.FlutterFirebaseAppRegistrar"
132-->[:firebase_storage] AndroidManifest.xml:10:17-126
133                android:value="com.google.firebase.components.ComponentRegistrar" />
133-->[:firebase_storage] AndroidManifest.xml:11:17-82
134            <meta-data
134-->[:firebase_core] AndroidManifest.xml:9:13-11:85
135                android:name="com.google.firebase.components:io.flutter.plugins.firebase.core.FlutterFirebaseAppRegistrar"
135-->[:firebase_core] AndroidManifest.xml:10:17-123
136                android:value="com.google.firebase.components.ComponentRegistrar" />
136-->[:firebase_core] AndroidManifest.xml:11:17-82
137            <meta-data
137-->[com.google.firebase:firebase-auth:20.0.3] AndroidManifest.xml:77:13-79:85
138                android:name="com.google.firebase.components:com.google.firebase.auth.FirebaseAuthRegistrar"
138-->[com.google.firebase:firebase-auth:20.0.3] AndroidManifest.xml:78:17-109
139                android:value="com.google.firebase.components.ComponentRegistrar" />
139-->[com.google.firebase:firebase-auth:20.0.3] AndroidManifest.xml:79:17-82
140            <meta-data
140-->[com.google.firebase:firebase-firestore:22.1.1] AndroidManifest.xml:20:13-22:85
141                android:name="com.google.firebase.components:com.google.firebase.firestore.FirestoreRegistrar"
141-->[com.google.firebase:firebase-firestore:22.1.1] AndroidManifest.xml:21:17-111
142                android:value="com.google.firebase.components.ComponentRegistrar" />
142-->[com.google.firebase:firebase-firestore:22.1.1] AndroidManifest.xml:22:17-82
143            <meta-data
143-->[com.google.firebase:firebase-storage:19.2.1] AndroidManifest.xml:33:13-35:85
144                android:name="com.google.firebase.components:com.google.firebase.storage.StorageRegistrar"
144-->[com.google.firebase:firebase-storage:19.2.1] AndroidManifest.xml:34:17-107
145                android:value="com.google.firebase.components.ComponentRegistrar" />
145-->[com.google.firebase:firebase-storage:19.2.1] AndroidManifest.xml:35:17-82
146            <meta-data
146-->[com.google.firebase:firebase-database:19.7.0] AndroidManifest.xml:32:13-34:85
147                android:name="com.google.firebase.components:com.google.firebase.database.DatabaseRegistrar"
147-->[com.google.firebase:firebase-database:19.7.0] AndroidManifest.xml:33:17-109
148                android:value="com.google.firebase.components.ComponentRegistrar" />
148-->[com.google.firebase:firebase-database:19.7.0] AndroidManifest.xml:34:17-82
149            <meta-data
149-->[com.google.android.gms:play-services-measurement-api:18.0.2] AndroidManifest.xml:30:13-32:85
150                android:name="com.google.firebase.components:com.google.firebase.analytics.connector.internal.AnalyticsConnectorRegistrar"
150-->[com.google.android.gms:play-services-measurement-api:18.0.2] AndroidManifest.xml:31:17-139
151                android:value="com.google.firebase.components.ComponentRegistrar" />
151-->[com.google.android.gms:play-services-measurement-api:18.0.2] AndroidManifest.xml:32:17-82
152            <meta-data
152-->[com.google.firebase:firebase-installations:16.3.5] AndroidManifest.xml:18:13-20:85
153                android:name="com.google.firebase.components:com.google.firebase.installations.FirebaseInstallationsRegistrar"
153-->[com.google.firebase:firebase-installations:16.3.5] AndroidManifest.xml:19:17-127
154                android:value="com.google.firebase.components.ComponentRegistrar" />
154-->[com.google.firebase:firebase-installations:16.3.5] AndroidManifest.xml:20:17-82
155            <!--
156                This registrar is not defined in the dynamic-module-support sdk itself to allow non-firebase
157                clients to use it as well, by defining this registrar in their own core/common library.
158            -->
159            <meta-data
159-->[com.google.firebase:firebase-common:19.5.0] AndroidManifest.xml:43:13-45:85
160                android:name="com.google.firebase.components:com.google.firebase.dynamicloading.DynamicLoadingRegistrar"
160-->[com.google.firebase:firebase-common:19.5.0] AndroidManifest.xml:44:17-121
161                android:value="com.google.firebase.components.ComponentRegistrar" />
161-->[com.google.firebase:firebase-common:19.5.0] AndroidManifest.xml:45:17-82
162        </service>
163
164        <activity
164-->[com.khalti:khalti-android:2.00.01] AndroidManifest.xml:22:9-35:20
165            android:name="com.khalti.checkout.CheckOutActivity"
165-->[com.khalti:khalti-android:2.00.01] AndroidManifest.xml:23:13-64
166            android:label="@string/app_name"
166-->[com.khalti:khalti-android:2.00.01] AndroidManifest.xml:24:13-45
167            android:screenOrientation="portrait"
167-->[com.khalti:khalti-android:2.00.01] AndroidManifest.xml:25:13-49
168            android:theme="@style/AppTheme.khalti"
168-->[com.khalti:khalti-android:2.00.01] AndroidManifest.xml:26:13-51
169            android:windowSoftInputMode="adjustResize" >
169-->[com.khalti:khalti-android:2.00.01] AndroidManifest.xml:27:13-55
170
171            <!--
172            <intent-filter>
173                <action android:name="android.intent.action.MAIN" />
174                <category android:name="android.intent.category.LAUNCHER" />
175            </intent-filter>
176            -->
177        </activity>
178        <activity
178-->[com.khalti:khalti-android:2.00.01] AndroidManifest.xml:36:9-76:20
179            android:name="com.khalti.checkout.banking.deepLinkReceiver.DeepLink"
179-->[com.khalti:khalti-android:2.00.01] AndroidManifest.xml:37:13-81
180            android:exported="true"
180-->[com.khalti:khalti-android:2.00.01] AndroidManifest.xml:38:13-36
181            android:label="@string/app_name"
181-->[com.khalti:khalti-android:2.00.01] AndroidManifest.xml:39:13-45
182            android:noHistory="true"
182-->[com.khalti:khalti-android:2.00.01] AndroidManifest.xml:40:13-37
183            android:screenOrientation="portrait"
183-->[com.khalti:khalti-android:2.00.01] AndroidManifest.xml:41:13-49
184            android:theme="@style/AppTheme.khalti" >
184-->[com.khalti:khalti-android:2.00.01] AndroidManifest.xml:42:13-51
185            <intent-filter>
185-->[com.khalti:khalti-android:2.00.01] AndroidManifest.xml:43:13-53:29
186                <action android:name="android.intent.action.VIEW" />
186-->src/main/AndroidManifest.xml:55:9-61
186-->src/main/AndroidManifest.xml:55:17-58
187
188                <category android:name="android.intent.category.DEFAULT" />
188-->src/main/AndroidManifest.xml:56:9-68
188-->src/main/AndroidManifest.xml:56:19-65
189                <category android:name="android.intent.category.BROWSABLE" />
189-->src/main/AndroidManifest.xml:57:9-70
189-->src/main/AndroidManifest.xml:57:19-67
190
191                <data
191-->src/main/AndroidManifest.xml:58:9-67
192                    android:host="192.168.1.103"
193                    android:pathPattern="/.*"
194                    android:scheme="http" />
194-->src/main/AndroidManifest.xml:58:15-64
195            </intent-filter>
196            <intent-filter>
196-->[com.khalti:khalti-android:2.00.01] AndroidManifest.xml:54:13-64:29
197                <action android:name="android.intent.action.VIEW" />
197-->src/main/AndroidManifest.xml:55:9-61
197-->src/main/AndroidManifest.xml:55:17-58
198
199                <category android:name="android.intent.category.DEFAULT" />
199-->src/main/AndroidManifest.xml:56:9-68
199-->src/main/AndroidManifest.xml:56:19-65
200                <category android:name="android.intent.category.BROWSABLE" />
200-->src/main/AndroidManifest.xml:57:9-70
200-->src/main/AndroidManifest.xml:57:19-67
201
202                <data
202-->src/main/AndroidManifest.xml:58:9-67
203                    android:host="192.168.1.118"
204                    android:pathPattern="/.*"
205                    android:scheme="http" />
205-->src/main/AndroidManifest.xml:58:15-64
206            </intent-filter>
207            <intent-filter>
207-->[com.khalti:khalti-android:2.00.01] AndroidManifest.xml:65:13-75:29
208                <action android:name="android.intent.action.VIEW" />
208-->src/main/AndroidManifest.xml:55:9-61
208-->src/main/AndroidManifest.xml:55:17-58
209
210                <category android:name="android.intent.category.DEFAULT" />
210-->src/main/AndroidManifest.xml:56:9-68
210-->src/main/AndroidManifest.xml:56:19-65
211                <category android:name="android.intent.category.BROWSABLE" />
211-->src/main/AndroidManifest.xml:57:9-70
211-->src/main/AndroidManifest.xml:57:19-67
212
213                <data
213-->src/main/AndroidManifest.xml:58:9-67
214                    android:host="ebanking"
215                    android:pathPattern="/.*"
216                    android:scheme="khalti" />
216-->src/main/AndroidManifest.xml:58:15-64
217            </intent-filter>
218        </activity>
219        <activity
219-->[com.google.firebase:firebase-auth:20.0.3] AndroidManifest.xml:27:9-44:20
220            android:name="com.google.firebase.auth.internal.GenericIdpActivity"
220-->[com.google.firebase:firebase-auth:20.0.3] AndroidManifest.xml:28:13-80
221            android:excludeFromRecents="true"
221-->[com.google.firebase:firebase-auth:20.0.3] AndroidManifest.xml:29:13-46
222            android:exported="true"
222-->[com.google.firebase:firebase-auth:20.0.3] AndroidManifest.xml:30:13-36
223            android:launchMode="singleTask"
223-->[com.google.firebase:firebase-auth:20.0.3] AndroidManifest.xml:31:13-44
224            android:theme="@android:style/Theme.Translucent.NoTitleBar" >
224-->[com.google.firebase:firebase-auth:20.0.3] AndroidManifest.xml:32:13-72
225            <intent-filter>
225-->[com.google.firebase:firebase-auth:20.0.3] AndroidManifest.xml:33:13-43:29
226                <action android:name="android.intent.action.VIEW" />
226-->src/main/AndroidManifest.xml:55:9-61
226-->src/main/AndroidManifest.xml:55:17-58
227
228                <category android:name="android.intent.category.DEFAULT" />
228-->src/main/AndroidManifest.xml:56:9-68
228-->src/main/AndroidManifest.xml:56:19-65
229                <category android:name="android.intent.category.BROWSABLE" />
229-->src/main/AndroidManifest.xml:57:9-70
229-->src/main/AndroidManifest.xml:57:19-67
230
231                <data
231-->src/main/AndroidManifest.xml:58:9-67
232                    android:host="firebase.auth"
233                    android:path="/"
234                    android:scheme="genericidp" />
234-->src/main/AndroidManifest.xml:58:15-64
235            </intent-filter>
236        </activity>
237        <activity
237-->[com.google.firebase:firebase-auth:20.0.3] AndroidManifest.xml:45:9-62:20
238            android:name="com.google.firebase.auth.internal.RecaptchaActivity"
238-->[com.google.firebase:firebase-auth:20.0.3] AndroidManifest.xml:46:13-79
239            android:excludeFromRecents="true"
239-->[com.google.firebase:firebase-auth:20.0.3] AndroidManifest.xml:47:13-46
240            android:exported="true"
240-->[com.google.firebase:firebase-auth:20.0.3] AndroidManifest.xml:48:13-36
241            android:launchMode="singleTask"
241-->[com.google.firebase:firebase-auth:20.0.3] AndroidManifest.xml:49:13-44
242            android:theme="@android:style/Theme.Translucent.NoTitleBar" >
242-->[com.google.firebase:firebase-auth:20.0.3] AndroidManifest.xml:50:13-72
243            <intent-filter>
243-->[com.google.firebase:firebase-auth:20.0.3] AndroidManifest.xml:51:13-61:29
244                <action android:name="android.intent.action.VIEW" />
244-->src/main/AndroidManifest.xml:55:9-61
244-->src/main/AndroidManifest.xml:55:17-58
245
246                <category android:name="android.intent.category.DEFAULT" />
246-->src/main/AndroidManifest.xml:56:9-68
246-->src/main/AndroidManifest.xml:56:19-65
247                <category android:name="android.intent.category.BROWSABLE" />
247-->src/main/AndroidManifest.xml:57:9-70
247-->src/main/AndroidManifest.xml:57:19-67
248
249                <data
249-->src/main/AndroidManifest.xml:58:9-67
250                    android:host="firebase.auth"
251                    android:path="/"
252                    android:scheme="recaptcha" />
252-->src/main/AndroidManifest.xml:58:15-64
253            </intent-filter>
254        </activity>
255
256        <service
256-->[com.google.firebase:firebase-auth:20.0.3] AndroidManifest.xml:64:9-73:19
257            android:name="com.google.firebase.auth.api.fallback.service.FirebaseAuthFallbackService"
257-->[com.google.firebase:firebase-auth:20.0.3] AndroidManifest.xml:65:13-101
258            android:enabled="true"
258-->[com.google.firebase:firebase-auth:20.0.3] AndroidManifest.xml:66:13-35
259            android:exported="false" >
259-->[com.google.firebase:firebase-auth:20.0.3] AndroidManifest.xml:67:13-37
260            <intent-filter>
260-->[com.google.firebase:firebase-auth:20.0.3] AndroidManifest.xml:68:13-72:29
261                <action android:name="com.google.firebase.auth.api.gms.service.START" />
261-->[com.google.firebase:firebase-auth:20.0.3] AndroidManifest.xml:69:17-89
261-->[com.google.firebase:firebase-auth:20.0.3] AndroidManifest.xml:69:25-86
262
263                <category android:name="android.intent.category.DEFAULT" />
263-->src/main/AndroidManifest.xml:56:9-68
263-->src/main/AndroidManifest.xml:56:19-65
264            </intent-filter>
265        </service>
266
267        <provider
267-->[com.google.firebase:firebase-common:19.5.0] AndroidManifest.xml:26:9-31:39
268            android:name="com.google.firebase.provider.FirebaseInitProvider"
268-->[com.google.firebase:firebase-common:19.5.0] AndroidManifest.xml:27:13-77
269            android:authorities="com.example.knocadoor.firebaseinitprovider"
269-->[com.google.firebase:firebase-common:19.5.0] AndroidManifest.xml:28:13-72
270            android:directBootAware="true"
270-->[com.google.firebase:firebase-common:19.5.0] AndroidManifest.xml:29:13-43
271            android:exported="false"
271-->[com.google.firebase:firebase-common:19.5.0] AndroidManifest.xml:30:13-37
272            android:initOrder="100" />
272-->[com.google.firebase:firebase-common:19.5.0] AndroidManifest.xml:31:13-36
273        <provider
273-->[com.squareup.picasso:picasso:2.71828] AndroidManifest.xml:8:9-11:40
274            android:name="com.squareup.picasso.PicassoProvider"
274-->[com.squareup.picasso:picasso:2.71828] AndroidManifest.xml:9:13-64
275            android:authorities="com.example.knocadoor.com.squareup.picasso"
275-->[com.squareup.picasso:picasso:2.71828] AndroidManifest.xml:10:13-72
276            android:exported="false" />
276-->[com.squareup.picasso:picasso:2.71828] AndroidManifest.xml:11:13-37
277
278        <activity
278-->[com.google.android.gms:play-services-auth:16.0.1] AndroidManifest.xml:23:9-27:75
279            android:name="com.google.android.gms.auth.api.signin.internal.SignInHubActivity"
279-->[com.google.android.gms:play-services-auth:16.0.1] AndroidManifest.xml:24:13-93
280            android:excludeFromRecents="true"
280-->[com.google.android.gms:play-services-auth:16.0.1] AndroidManifest.xml:25:13-46
281            android:exported="false"
281-->[com.google.android.gms:play-services-auth:16.0.1] AndroidManifest.xml:26:13-37
282            android:theme="@android:style/Theme.Translucent.NoTitleBar" />
282-->[com.google.android.gms:play-services-auth:16.0.1] AndroidManifest.xml:27:13-72
283        <!--
284            Service handling Google Sign-In user revocation. For apps that do not integrate with
285            Google Sign-In, this service will never be started.
286        -->
287        <service
287-->[com.google.android.gms:play-services-auth:16.0.1] AndroidManifest.xml:33:9-36:110
288            android:name="com.google.android.gms.auth.api.signin.RevocationBoundService"
288-->[com.google.android.gms:play-services-auth:16.0.1] AndroidManifest.xml:34:13-89
289            android:exported="true"
289-->[com.google.android.gms:play-services-auth:16.0.1] AndroidManifest.xml:35:13-36
290            android:permission="com.google.android.gms.auth.api.signin.permission.REVOCATION_NOTIFICATION" /> <!-- Needs to be explicitly declared on P+ -->
290-->[com.google.android.gms:play-services-auth:16.0.1] AndroidManifest.xml:36:13-107
291        <uses-library
291-->[com.google.android.gms:play-services-maps:17.0.0] AndroidManifest.xml:33:9-35:40
292            android:name="org.apache.http.legacy"
292-->[com.google.android.gms:play-services-maps:17.0.0] AndroidManifest.xml:34:13-50
293            android:required="false" />
293-->[com.google.android.gms:play-services-maps:17.0.0] AndroidManifest.xml:35:13-37
294
295        <activity
295-->[com.google.android.gms:play-services-base:17.1.0] AndroidManifest.xml:23:9-26:75
296            android:name="com.google.android.gms.common.api.GoogleApiActivity"
296-->[com.google.android.gms:play-services-base:17.1.0] AndroidManifest.xml:24:13-79
297            android:exported="false"
297-->[com.google.android.gms:play-services-base:17.1.0] AndroidManifest.xml:25:13-37
298            android:theme="@android:style/Theme.Translucent.NoTitleBar" />
298-->[com.google.android.gms:play-services-base:17.1.0] AndroidManifest.xml:26:13-72
299
300        <receiver
300-->[com.google.android.gms:play-services-measurement:18.0.2] AndroidManifest.xml:29:9-33:20
301            android:name="com.google.android.gms.measurement.AppMeasurementReceiver"
301-->[com.google.android.gms:play-services-measurement:18.0.2] AndroidManifest.xml:30:13-85
302            android:enabled="true"
302-->[com.google.android.gms:play-services-measurement:18.0.2] AndroidManifest.xml:31:13-35
303            android:exported="false" >
303-->[com.google.android.gms:play-services-measurement:18.0.2] AndroidManifest.xml:32:13-37
304        </receiver>
305
306        <service
306-->[com.google.android.gms:play-services-measurement:18.0.2] AndroidManifest.xml:35:9-38:40
307            android:name="com.google.android.gms.measurement.AppMeasurementService"
307-->[com.google.android.gms:play-services-measurement:18.0.2] AndroidManifest.xml:36:13-84
308            android:enabled="true"
308-->[com.google.android.gms:play-services-measurement:18.0.2] AndroidManifest.xml:37:13-35
309            android:exported="false" />
309-->[com.google.android.gms:play-services-measurement:18.0.2] AndroidManifest.xml:38:13-37
310        <service
310-->[com.google.android.gms:play-services-measurement:18.0.2] AndroidManifest.xml:39:9-43:72
311            android:name="com.google.android.gms.measurement.AppMeasurementJobService"